<?xml version="1.0" encoding="UTF-8"?>
<!-- Generated by org.testng.reporters.JUnitXMLReporter -->
<testsuite ignored="0" hostname="SYB-LP-ITS-008" failures="0" tests="3" name="Default test" time="76.286" errors="0" timestamp="03 Oct 2019 08:03:30 GMT">
  <testcase classname="pack1.fileTest" name="launchbrowser" time="17.715"/>
  <testcase classname="pack1.fileTest" name="login" time="30.803"/>
  <testcase classname="pack1.fileTest" name="mail" time="27.721"/>
</testsuite> <!-- Default test -->
