<?xml version="1.0" encoding="UTF-8"?>
<!-- Generated by org.testng.reporters.JUnitXMLReporter -->
<testsuite hostname="SYB-LP-ITS-008" ignored="0" name="Command line test" tests="3" failures="0" timestamp="03 Oct 2019 08:06:06 GMT" time="74.205" errors="0">
  <testcase name="launchbrowser" time="15.71" classname="pack1.fileTest"/>
  <testcase name="login" time="30.816" classname="pack1.fileTest"/>
  <testcase name="mail" time="27.646" classname="pack1.fileTest"/>
</testsuite> <!-- Command line test -->
