<?xml version="1.0" encoding="UTF-8"?>
<testng-results ignored="0" total="3" passed="3" failed="0" skipped="0">
  <reporter-output>
    <line>
      <![CDATA[application launched]]>
    </line>
    <line>
      <![CDATA[login sucess]]>
    </line>
    <line>
      <![CDATA[mail sent successfully]]>
    </line>
  </reporter-output>
  <suite started-at="2019-10-03T08:02:14Z" name="Default suite" finished-at="2019-10-03T08:03:30Z" duration-ms="76286">
    <groups>
    </groups>
    <test started-at="2019-10-03T08:02:14Z" name="Default test" finished-at="2019-10-03T08:03:30Z" duration-ms="76286">
      <class name="pack1.fileTest">
        <test-method signature="launchbrowser()[pri:1, instance:pack1.fileTest@55a561cf]" started-at="2019-10-03T08:02:14Z" name="launchbrowser" finished-at="2019-10-03T08:02:31Z" duration-ms="17715" status="PASS">
          <reporter-output>
            <line>
              <![CDATA[application launched]]>
            </line>
          </reporter-output>
        </test-method> <!-- launchbrowser -->
        <test-method signature="login()[pri:2, instance:pack1.fileTest@55a561cf]" started-at="2019-10-03T08:02:31Z" name="login" finished-at="2019-10-03T08:03:02Z" duration-ms="30803" status="PASS">
          <reporter-output>
            <line>
              <![CDATA[login sucess]]>
            </line>
          </reporter-output>
        </test-method> <!-- login -->
        <test-method signature="mail()[pri:3, instance:pack1.fileTest@55a561cf]" started-at="2019-10-03T08:03:02Z" name="mail" finished-at="2019-10-03T08:03:30Z" duration-ms="27721" status="PASS">
          <reporter-output>
            <line>
              <![CDATA[mail sent successfully]]>
            </line>
          </reporter-output>
        </test-method> <!-- mail -->
      </class> <!-- pack1.fileTest -->
    </test> <!-- Default test -->
  </suite> <!-- Default suite -->
</testng-results>
